<?xml version="1.0" encoding="UTF-8" ?>
<testsuite tests="46" failures="0" name="com.xebia.fitnesse.selenium.JavascriptTestCase" time="2.446" errors="0" skipped="0">
  <properties>
[...]
</properties>
  <testcase classname="com.xebia.fitnesse.selenium.JavascriptTestCase" name="testExecuteCommandOnTargetWithValueToSelenese" time="0.448"/>
  <testcase classname="com.xebia.fitnesse.selenium.JavascriptTestCase" name="testExecuteCommandOnTargetWithValueWithSpacesToSelenese" time="0.084"/>
  <testcase classname="com.xebia.fitnesse.selenium.JavascriptTestCase" name="testExecuteCommandOnTargetToSelenese" time="0.046"/>
  <testcase classname="com.xebia.fitnesse.selenium.JavascriptTestCase" name="testExecuteCommandOnEscapedTargetToSelenese" time="0.051"/>
  <testcase classname="com.xebia.fitnesse.selenium.JavascriptTestCase" name="testExecuteCommandOnEscapedUrlTargetToSelenese" time="0.056"/>
  <testcase classname="com.xebia.fitnesse.selenium.JavascriptTestCase" name="shouldParseCheckCommand" time="0.041"/>
  <testcase classname="com.xebia.fitnesse.selenium.JavascriptTestCase" name="shouldParseBareCheckCommand" time="0.036"/>
  <testcase classname="com.xebia.fitnesse.selenium.JavascriptTestCase" name="shouldParseActionCommand" time="0.058"/>
  <testcase classname="com.xebia.fitnesse.selenium.JavascriptTestCase" name="shouldParseBareActionCommand" time="0.033"/>
  <testcase classname="com.xebia.fitnesse.selenium.JavascriptTestCase" name="testExecuteCommandOnVariableToSelenese" time="0.034"/>
  <testcase classname="com.xebia.fitnesse.selenium.JavascriptTestCase" name="testExecuteCommandOnVariableWithVariableToSelenese" time="0.028"/>
  <testcase classname="com.xebia.fitnesse.selenium.JavascriptTestCase" name="testExecuteCommandOnComplexGlobPatternToSelenese" time="0.028"/>
  <testcase classname="com.xebia.fitnesse.selenium.JavascriptTestCase" name="testExecuteCommandOnComplexXPathPatternToSelenese" time="0.026"/>
  <testcase classname="com.xebia.fitnesse.selenium.JavascriptTestCase" name="testExecuteCommandOnVariableWithEmbeddedVariableToSelenese" time="0.033"/>
  <testcase classname="com.xebia.fitnesse.selenium.JavascriptTestCase" name="testExecuteCommandOnTextSeparatedByBars" time="0.034"/>
  <testcase classname="com.xebia.fitnesse.selenium.JavascriptTestCase" name="testExecuteCommentToSelenese" time="0.031"/>
  <testcase classname="com.xebia.fitnesse.selenium.JavascriptTestCase" name="testExecuteCommentWithMoreTextToSelenese" time="0.024"/>
  <testcase classname="com.xebia.fitnesse.selenium.JavascriptTestCase" name="shouldExecuteCommandOnTargetToFitnesse" time="0.034"/>
  <testcase classname="com.xebia.fitnesse.selenium.JavascriptTestCase" name="shoudlEscapeBars" time="0.031"/>
  <testcase classname="com.xebia.fitnesse.selenium.JavascriptTestCase" name="testCommand" time="0.028"/>
  <testcase classname="com.xebia.fitnesse.selenium.JavascriptTestCase" name="testEmptyTestCase" time="0.024"/>
  <testcase classname="com.xebia.fitnesse.selenium.JavascriptTestCase" name="testLibraryModeOption" time="0.028"/>
  <testcase classname="com.xebia.fitnesse.selenium.JavascriptTestCase" name="testNoStartStopOption" time="0.028"/>
  <testcase classname="com.xebia.fitnesse.selenium.JavascriptTestCase" name="testStartBrowserLine" time="0.05"/>
  <testcase classname="com.xebia.fitnesse.selenium.JavascriptTestCase" name="shouldParseLenient" time="0.029"/>
  <testcase classname="com.xebia.fitnesse.selenium.JavascriptTestCase" name="testExecuteCommandOnEscapedTargetWithEscapedValueToSelenese" time="0.029"/>
  <testcase classname="com.xebia.fitnesse.selenium.JavascriptTestCase" name="shouldStoreCommandOnTargetToFitnesse" time="0.03"/>
  <testcase classname="com.xebia.fitnesse.selenium.JavascriptTestCase" name="shouldWikiWordsAndUrlsToFitnesse" time="0.032"/>
  <testcase classname="com.xebia.fitnesse.selenium.JavascriptTestCase" name="shouldParseStartBrowserLineToFitnesse" time="0.039"/>
  <testcase classname="com.xebia.fitnesse.selenium.JavascriptTestCase" name="shouldParseRightActionToFitnesse" time="0.032"/>
  <testcase classname="com.xebia.fitnesse.selenium.JavascriptTestCase" name="shoudlParseVariablesInText" time="0.037"/>
  <testcase classname="com.xebia.fitnesse.selenium.JavascriptTestCase" name="shoudlConvertExact" time="0.048"/>
  <testcase classname="com.xebia.fitnesse.selenium.JavascriptTestCase" name="shoudlConvertGlob" time="0.158"/>
  <testcase classname="com.xebia.fitnesse.selenium.JavascriptTestCase" name="shouldAlwaysMakeEnsureCommandsForWaitForCommands" time="0.112"/>
  <testcase classname="com.xebia.fitnesse.selenium.JavascriptTestCase" name="shoudlConvertRegexp" time="0.036"/>
  <testcase classname="com.xebia.fitnesse.selenium.JavascriptTestCase" name="shouldExecuteCommandOnTargetWithValueToSelenese" time="0.04"/>
  <testcase classname="com.xebia.fitnesse.selenium.JavascriptTestCase" name="shouldExecuteStoreCommandToSelenese" time="0.03"/>
  <testcase classname="com.xebia.fitnesse.selenium.JavascriptTestCase" name="shouldMakeCommentsForNonFitnesseLines" time="0.037"/>
  <testcase classname="com.xebia.fitnesse.selenium.JavascriptTestCase" name="shouldIgnoreFitnesseTableHeadings" time="0.04"/>
  <testcase classname="com.xebia.fitnesse.selenium.JavascriptTestCase" name="shouldParseExactToSeleneseWheneverPossible" time="0.033"/>
  <testcase classname="com.xebia.fitnesse.selenium.JavascriptTestCase" name="shouldParseGlobToSeleneseWheneverPossible" time="0.048"/>
  <testcase classname="com.xebia.fitnesse.selenium.JavascriptTestCase" name="shouldParseRegexpToSelenese" time="0.034"/>
  <testcase classname="com.xebia.fitnesse.selenium.JavascriptTestCase" name="shouldParseDataPastedFromBrowser" time="0.075"/>
  <testcase classname="com.xebia.fitnesse.selenium.JavascriptTestCase" name="shouldParseSubstitutedVariables" time="0.058"/>
  <testcase classname="com.xebia.fitnesse.selenium.JavascriptTestCase" name="shouldParseFailedCheckCommands" time="0.099"/>
  <testcase classname="com.xebia.fitnesse.selenium.JavascriptTestCase" name="testCheckIsRoundtrip" time="0.056"/>
</testsuite>